This file contains any messages produced by compilers while
running configure, to aid debugging if configure makes a mistake.

It was created by moose configure 0.9.0, which was
generated by GNU Autoconf 2.69.  Invocation command line was

  $ ./configure --with-libtorch=/home/64a/miniforge/envs/moose2/lib/python3.10/site-packages/torch

## --------- ##
## Platform. ##
## --------- ##

hostname = PC0122261
uname -m = x86_64
uname -r = 6.5.0-25-generic
uname -s = Linux
uname -v = #25~22.04.1-Ubuntu SMP PREEMPT_DYNAMIC Tue Feb 20 16:09:15 UTC 2

/usr/bin/uname -p = x86_64
/bin/uname -X     = unknown

/bin/arch              = x86_64
/usr/bin/arch -k       = unknown
/usr/convex/getsysinfo = unknown
/usr/bin/hostinfo      = unknown
/bin/machine           = unknown
/usr/bin/oslevel       = unknown
/bin/universe          = unknown

PATH: /home/64a/miniforge/envs/moose2/bin
PATH: /home/64a/miniforge/condabin
PATH: /usr/local/sbin
PATH: /usr/local/bin
PATH: /usr/sbin
PATH: /usr/bin
PATH: /sbin
PATH: /bin
PATH: /usr/games
PATH: /usr/local/games
PATH: /snap/bin
PATH: /home/64a/miniforge/envs/moose2/wasp/bin
PATH: /home/64a/miniforge/envs/moose2/wasp/bin


## ----------- ##
## Core tests. ##
## ----------- ##

configure:1701: result: ---------------------------------------------
configure:1703: result: ----------- Configuring MOOSE ---------------
configure:1705: result: ---------------------------------------------
configure:1733: result: configuring with derivative backing array size of 64
configure:1745: result: configuring with libtorch support: yes
configure:1764: result: Libtorch library path: /home/64a/miniforge/envs/moose2/lib/python3.10/site-packages/torch
configure:1772: checking for x86_64-conda-linux-gnu-pkg-config
configure:1790: found /home/64a/miniforge/envs/moose2/bin/x86_64-conda-linux-gnu-pkg-config
configure:1802: result: /home/64a/miniforge/envs/moose2/bin/x86_64-conda-linux-gnu-pkg-config
configure:1870: checking system for libpng
configure:1878: result: configuring with libpng support
configure:2001: creating ./config.status

## ---------------------- ##
## Running config.status. ##
## ---------------------- ##

This file was extended by moose config.status 0.9.0, which was
generated by GNU Autoconf 2.69.  Invocation command line was

  CONFIG_FILES    = 
  CONFIG_HEADERS  = 
  CONFIG_LINKS    = 
  CONFIG_COMMANDS = 
  $ ./config.status 

on PC0122261

config.status:799: creating conf_vars.mk
config.status:799: creating framework/include/base/MooseConfig.h.tmp
config.status:983: executing framework/include/base/MooseConfig.h commands
config.status:1021: creating framework/include/base/MooseConfig.h - prefix MOOSE for framework/include/base/MooseConfig.h.tmp defines
configure:3268: result: ---------------------------------------------
configure:3270: result: --------- Done Configuring MOOSE ------------
configure:3272: result: ---------------------------------------------

## ---------------- ##
## Cache variables. ##
## ---------------- ##

ac_cv_env_build_alias_set=set
ac_cv_env_build_alias_value=x86_64-conda-linux-gnu
ac_cv_env_host_alias_set=set
ac_cv_env_host_alias_value=x86_64-conda-linux-gnu
ac_cv_env_target_alias_set=
ac_cv_env_target_alias_value=
ac_cv_path_PKG_CONFIG=/home/64a/miniforge/envs/moose2/bin/x86_64-conda-linux-gnu-pkg-config

## ----------------- ##
## Output variables. ##
## ----------------- ##

DEFS='-DHAVE_CONFIG_H'
ECHO_C=''
ECHO_N='-n'
ECHO_T=''
LIBOBJS=''
LIBPNG=''
LIBPNG_INCLUDES='-I/home/64a/miniforge/envs/moose2/include/libpng16'
LIBPNG_LIBS='-L/home/64a/miniforge/envs/moose2/lib -lpng16'
LIBS=''
LTLIBOBJS=''
PACKAGE_BUGREPORT='https://github.com/idaholab/moose/discussions'
PACKAGE_NAME='moose'
PACKAGE_STRING='moose 0.9.0'
PACKAGE_TARNAME='moose'
PACKAGE_URL='https://mooseframework.org'
PACKAGE_VERSION='0.9.0'
PATH_SEPARATOR=':'
PKG_CONFIG='/home/64a/miniforge/envs/moose2/bin/x86_64-conda-linux-gnu-pkg-config'
SHELL='/bin/bash'
bindir='${exec_prefix}/bin'
build_alias='x86_64-conda-linux-gnu'
datadir='${datarootdir}'
datarootdir='${prefix}/share'
docdir='${datarootdir}/doc/${PACKAGE_TARNAME}'
dvidir='${docdir}'
exec_prefix='${prefix}'
host_alias='x86_64-conda-linux-gnu'
htmldir='${docdir}'
includedir='${prefix}/include'
infodir='${datarootdir}/info'
libdir='${exec_prefix}/lib'
libexecdir='${exec_prefix}/libexec'
libtorch_library='/home/64a/miniforge/envs/moose2/lib/python3.10/site-packages/torch'
libtorch_support='true'
localedir='${datarootdir}/locale'
localstatedir='${prefix}/var'
mandir='${datarootdir}/man'
oldincludedir='/usr/include'
pdfdir='${docdir}'
prefix='/usr/local'
program_transform_name='s,x,x,'
psdir='${docdir}'
sbindir='${exec_prefix}/sbin'
sharedstatedir='${prefix}/com'
sysconfdir='${prefix}/etc'
target_alias=''

## ----------- ##
## confdefs.h. ##
## ----------- ##

/* confdefs.h */
#define PACKAGE_NAME "moose"
#define PACKAGE_TARNAME "moose"
#define PACKAGE_VERSION "0.9.0"
#define PACKAGE_STRING "moose 0.9.0"
#define PACKAGE_BUGREPORT "https://github.com/idaholab/moose/discussions"
#define PACKAGE_URL "https://mooseframework.org"
#define AD_MAX_DOFS_PER_ELEM 64
#define LIBTORCH_ENABLED 1
#define LIBTORCH_DIR /home/64a/miniforge/envs/moose2/lib/python3.10/site-packages/torch
#define HAVE_LIBPNG 1

configure: exit 0
